<?xml version="1.0" encoding="UTF-8"?>
<!-- Generated by org.testng.reporters.JUnitXMLReporter -->
<testsuite ignored="2" hostname="LP-5CD212LZ7K" failures="0" tests="4" name="Default test" time="60.93" errors="0" timestamp="2024-06-04T21:27:16 IST">
  <testcase classname="com.serv.tests.SwagLabScenarios" name="TestCredentials" time="17.471"/>
  <testcase classname="com.serv.tests.SwagLabScenarios" name="TestCredentials" time="11.83"/>
  <testcase classname="com.serv.tests.SwagLabScenarios" name="TestCredentials" time="12.073"/>
  <testcase classname="com.serv.tests.SwagLabScenarios" name="TestCredentials" time="17.512"/>
  <testcase classname="com.serv.tests.SwagLabScenarios" name="verifyInventory" time="0.0">
    <ignored/>
  </testcase> <!-- verifyInventory -->
  <testcase classname="com.serv.tests.SwagLabScenarios" name="bookOrder" time="0.0">
    <ignored/>
  </testcase> <!-- bookOrder -->
</testsuite> <!-- Default test -->
