<?xml version="1.0" encoding="UTF-8"?>
<!-- Generated by org.testng.reporters.JUnitXMLReporter -->
<testsuite ignored="0" hostname="LP-5CD212LZ7K" failures="0" tests="8" name="SwagLabScenarios" time="252.139" errors="0" timestamp="2024-06-04T17:48:25 IST">
  <testcase classname="com.serv.tests.SwagLabScenarios" name="TestCredentials" time="20.976"/>
  <testcase classname="com.serv.tests.SwagLabScenarios" name="TestCredentials" time="21.511"/>
  <testcase classname="com.serv.tests.SwagLabScenarios" name="TestCredentials" time="50.609"/>
  <testcase classname="com.serv.tests.SwagLabScenarios" name="TestCredentials" time="57.887"/>
  <testcase classname="com.serv.tests.SwagLabScenarios" name="bookOrder" time="35.638"/>
  <testcase classname="com.serv.tests.SwagLabScenarios" name="bookOrder" time="21.599"/>
  <testcase classname="com.serv.tests.SwagLabScenarios" name="verifyInventory" time="22.261"/>
  <testcase classname="com.serv.tests.SwagLabScenarios" name="verifyInventory" time="20.349"/>
</testsuite> <!-- SwagLabScenarios -->
